# JRE version: OpenJDK Runtime Environment Temurin-21.0.10+7 (21.0.10+7) (build 21.0.10+7-LTS)
# Java VM: OpenJDK 64-Bit Server VM Temurin-21.0.10+7 (21.0.10+7-LTS, mixed mode, sharing, tiered, compressed oops, compressed class ptrs, parallel gc, windows-amd64)
GC Precious Log:
 CardTable entry size: 512
 CPUs: 8 total, 8 available
 Memory: 7455M
 Large Page Support: Disabled
 NUMA Support: Disabled
 Compressed Oops: Enabled (32-bit)
 Alignments: Space 512K, Generation 512K, Heap 2M
 Heap Min Capacity: 100M
 Heap Initial Capacity: 100M
 Heap Max Capacity: 2G
 Pre-touch: Disabled
 Parallel Workers: 8
Heap:
 PSYoungGen      total 14336K, used 3960K [0x00000000d5580000, 0x00000000d6800000, 0x0000000100000000)
  eden space 11264K, 25% used [0x00000000d5580000,0x00000000d584bc60,0x00000000d6080000)
  from space 3072K, 35% used [0x00000000d6300000,0x00000000d6412400,0x00000000d6600000)
  to   space 1536K, 0% used [0x00000000d6680000,0x00000000d6680000,0x00000000d6800000)
 ParOldGen       total 614400K, used 613937K [0x0000000080000000, 0x00000000a5800000, 0x00000000d5580000)
  object space 614400K, 99% used [0x0000000080000000,0x00000000a578c7b0,0x00000000a5800000)
 Metaspace       used 83407K, committed 85184K, reserved 1179648K
  class space    used 8808K, committed 9600K, reserved 1048576K
GC Heap History (20 events):
Event: 1659.243 GC heap before
{Heap before GC invocations=1643 (full 4):
 PSYoungGen      total 5632K, used 5632K [0x00000000d5580000, 0x00000000d6000000, 0x0000000100000000)
  eden space 4096K, 100% used [0x00000000d5580000,0x00000000d5980000,0x00000000d5980000)
  from space 1536K, 100% used [0x00000000d5d00000,0x00000000d5e80000,0x00000000d5e80000)
  to   space 1536K, 0% used [0x00000000d5e80000,0x00000000d5e80000,0x00000000d6000000)
 ParOldGen       total 596992K, used 596962K [0x0000000080000000, 0x00000000a4700000, 0x00000000d5580000)
  object space 596992K, 99% used [0x0000000080000000,0x00000000a46f8a80,0x00000000a4700000)
 Metaspace       used 83272K, committed 85056K, reserved 1179648K
  class space    used 8807K, committed 9600K, reserved 1048576K
}
Event: 1659.250 GC heap after
{Heap after GC invocations=1643 (full 4):
 PSYoungGen      total 6144K, used 1536K [0x00000000d5580000, 0x00000000d6380000, 0x0000000100000000)
  eden space 4608K, 0% used [0x00000000d5580000,0x00000000d5580000,0x00000000d5a00000)
  from space 1536K, 100% used [0x00000000d5e80000,0x00000000d6000000,0x00000000d6000000)
  to   space 4608K, 0% used [0x00000000d5a00000,0x00000000d5a00000,0x00000000d5e80000)
 ParOldGen       total 599552K, used 599226K [0x0000000080000000, 0x00000000a4980000, 0x00000000d5580000)
  object space 599552K, 99% used [0x0000000080000000,0x00000000a492ea80,0x00000000a4980000)
 Metaspace       used 83272K, committed 85056K, reserved 1179648K
  class space    used 8807K, committed 9600K, reserved 1048576K
}
Event: 1659.261 GC heap before
{Heap before GC invocations=1644 (full 4):
 PSYoungGen      total 6144K, used 6144K [0x00000000d5580000, 0x00000000d6380000, 0x0000000100000000)
  eden space 4608K, 100% used [0x00000000d5580000,0x00000000d5a00000,0x00000000d5a00000)
  from space 1536K, 100% used [0x00000000d5e80000,0x00000000d6000000,0x00000000d6000000)
  to   space 4608K, 0% used [0x00000000d5a00000,0x00000000d5a00000,0x00000000d5e80000)
 ParOldGen       total 599552K, used 599226K [0x0000000080000000, 0x00000000a4980000, 0x00000000d5580000)
  object space 599552K, 99% used [0x0000000080000000,0x00000000a492ea80,0x00000000a4980000)
 Metaspace       used 83272K, committed 85056K, reserved 1179648K
  class space    used 8807K, committed 9600K, reserved 1048576K
}
Event: 1659.265 GC heap after
{Heap after GC invocations=1644 (full 4):
 PSYoungGen      total 6144K, used 1170K [0x00000000d5580000, 0x00000000d6000000, 0x0000000100000000)
  eden space 4608K, 0% used [0x00000000d5580000,0x00000000d5580000,0x00000000d5a00000)
  from space 1536K, 76% used [0x00000000d5a00000,0x00000000d5b24860,0x00000000d5b80000)
  to   space 2560K, 0% used [0x00000000d5d80000,0x00000000d5d80000,0x00000000d6000000)
 ParOldGen       total 600576K, used 600386K [0x0000000080000000, 0x00000000a4a80000, 0x00000000d5580000)
  object space 600576K, 99% used [0x0000000080000000,0x00000000a4a50a80,0x00000000a4a80000)
 Metaspace       used 83272K, committed 85056K, reserved 1179648K
  class space    used 8807K, committed 9600K, reserved 1048576K
}
Event: 1659.269 GC heap before
{Heap before GC invocations=1645 (full 4):
 PSYoungGen      total 6144K, used 5778K [0x00000000d5580000, 0x00000000d6000000, 0x0000000100000000)
  eden space 4608K, 100% used [0x00000000d5580000,0x00000000d5a00000,0x00000000d5a00000)
  from space 1536K, 76% used [0x00000000d5a00000,0x00000000d5b24860,0x00000000d5b80000)
  to   space 2560K, 0% used [0x00000000d5d80000,0x00000000d5d80000,0x00000000d6000000)
 ParOldGen       total 600576K, used 600386K [0x0000000080000000, 0x00000000a4a80000, 0x00000000d5580000)
  object space 600576K, 99% used [0x0000000080000000,0x00000000a4a50a80,0x00000000a4a80000)
 Metaspace       used 83272K, committed 85056K, reserved 1179648K
  class space    used 8807K, committed 9600K, reserved 1048576K
}
Event: 1659.274 GC heap after
{Heap after GC invocations=1645 (full 4):
 PSYoungGen      total 7168K, used 1248K [0x00000000d5580000, 0x00000000d5f00000, 0x0000000100000000)
  eden space 5632K, 0% used [0x00000000d5580000,0x00000000d5580000,0x00000000d5b00000)
  from space 1536K, 81% used [0x00000000d5d80000,0x00000000d5eb8000,0x00000000d5f00000)
  to   space 1536K, 0% used [0x00000000d5c00000,0x00000000d5c00000,0x00000000d5d80000)
 ParOldGen       total 601600K, used 601388K [0x0000000080000000, 0x00000000a4b80000, 0x00000000d5580000)
  object space 601600K, 99% used [0x0000000080000000,0x00000000a4b4b2e0,0x00000000a4b80000)
 Metaspace       used 83272K, committed 85056K, reserved 1179648K
  class space    used 8807K, committed 9600K, reserved 1048576K
}
Event: 1659.290 GC heap before
{Heap before GC invocations=1646 (full 4):
 PSYoungGen      total 7168K, used 6880K [0x00000000d5580000, 0x00000000d5f00000, 0x0000000100000000)
  eden space 5632K, 100% used [0x00000000d5580000,0x00000000d5b00000,0x00000000d5b00000)
  from space 1536K, 81% used [0x00000000d5d80000,0x00000000d5eb8000,0x00000000d5f00000)
  to   space 1536K, 0% used [0x00000000d5c00000,0x00000000d5c00000,0x00000000d5d80000)
 ParOldGen       total 601600K, used 601388K [0x0000000080000000, 0x00000000a4b80000, 0x00000000d5580000)
  object space 601600K, 99% used [0x0000000080000000,0x00000000a4b4b2e0,0x00000000a4b80000)
 Metaspace       used 83272K, committed 85056K, reserved 1179648K
  class space    used 8807K, committed 9600K, reserved 1048576K
}
Event: 1659.296 GC heap after
{Heap after GC invocations=1646 (full 4):
 PSYoungGen      total 8192K, used 1536K [0x00000000d5580000, 0x00000000d6580000, 0x0000000100000000)
  eden space 6656K, 0% used [0x00000000d5580000,0x00000000d5580000,0x00000000d5c00000)
  from space 1536K, 100% used [0x00000000d5c00000,0x00000000d5d80000,0x00000000d5d80000)
  to   space 4608K, 0% used [0x00000000d6100000,0x00000000d6100000,0x00000000d6580000)
 ParOldGen       total 603648K, used 603644K [0x0000000080000000, 0x00000000a4d80000, 0x00000000d5580000)
  object space 603648K, 99% used [0x0000000080000000,0x00000000a4d7f2e0,0x00000000a4d80000)
 Metaspace       used 83272K, committed 85056K, reserved 1179648K
  class space    used 8807K, committed 9600K, reserved 1048576K
}
Event: 1659.320 GC heap before
{Heap before GC invocations=1647 (full 4):
 PSYoungGen      total 8192K, used 8192K [0x00000000d5580000, 0x00000000d6580000, 0x0000000100000000)
  eden space 6656K, 100% used [0x00000000d5580000,0x00000000d5c00000,0x00000000d5c00000)
  from space 1536K, 100% used [0x00000000d5c00000,0x00000000d5d80000,0x00000000d5d80000)
  to   space 4608K, 0% used [0x00000000d6100000,0x00000000d6100000,0x00000000d6580000)
 ParOldGen       total 603648K, used 603644K [0x0000000080000000, 0x00000000a4d80000, 0x00000000d5580000)
  object space 603648K, 99% used [0x0000000080000000,0x00000000a4d7f2e0,0x00000000a4d80000)
 Metaspace       used 83274K, committed 85056K, reserved 1179648K
  class space    used 8807K, committed 9600K, reserved 1048576K
}
Event: 1659.324 GC heap after
{Heap after GC invocations=1647 (full 4):
 PSYoungGen      total 9728K, used 1190K [0x00000000d5580000, 0x00000000d6280000, 0x0000000100000000)
  eden space 8192K, 0% used [0x00000000d5580000,0x00000000d5580000,0x00000000d5d80000)
  from space 1536K, 77% used [0x00000000d6100000,0x00000000d6229a60,0x00000000d6280000)
  to   space 2560K, 0% used [0x00000000d5d80000,0x00000000d5d80000,0x00000000d6000000)
 ParOldGen       total 605184K, used 604916K [0x0000000080000000, 0x00000000a4f00000, 0x00000000d5580000)
  object space 605184K, 99% used [0x0000000080000000,0x00000000a4ebd2e0,0x00000000a4f00000)
 Metaspace       used 83274K, committed 85056K, reserved 1179648K
  class space    used 8807K, committed 9600K, reserved 1048576K
}
Event: 1659.340 GC heap before
{Heap before GC invocations=1648 (full 4):
 PSYoungGen      total 9728K, used 9382K [0x00000000d5580000, 0x00000000d6280000, 0x0000000100000000)
  eden space 8192K, 100% used [0x00000000d5580000,0x00000000d5d80000,0x00000000d5d80000)
  from space 1536K, 77% used [0x00000000d6100000,0x00000000d6229a60,0x00000000d6280000)
  to   space 2560K, 0% used [0x00000000d5d80000,0x00000000d5d80000,0x00000000d6000000)
 ParOldGen       total 605184K, used 604916K [0x0000000080000000, 0x00000000a4f00000, 0x00000000d5580000)
  object space 605184K, 99% used [0x0000000080000000,0x00000000a4ebd2e0,0x00000000a4f00000)
 Metaspace       used 83274K, committed 85056K, reserved 1179648K
  class space    used 8807K, committed 9600K, reserved 1048576K
}
Event: 1659.346 GC heap after
{Heap after GC invocations=1648 (full 4):
 PSYoungGen      total 10752K, used 2560K [0x00000000d5580000, 0x00000000d6980000, 0x0000000100000000)
  eden space 8192K, 0% used [0x00000000d5580000,0x00000000d5580000,0x00000000d5d80000)
  from space 2560K, 100% used [0x00000000d5d80000,0x00000000d6000000,0x00000000d6000000)
  to   space 5120K, 0% used [0x00000000d6480000,0x00000000d6480000,0x00000000d6980000)
 ParOldGen       total 606720K, used 606683K [0x0000000080000000, 0x00000000a5080000, 0x00000000d5580000)
  object space 606720K, 99% used [0x0000000080000000,0x00000000a5076d40,0x00000000a5080000)
 Metaspace       used 83274K, committed 85056K, reserved 1179648K
  class space    used 8807K, committed 9600K, reserved 1048576K
}
Event: 1659.362 GC heap before
{Heap before GC invocations=1649 (full 4):
 PSYoungGen      total 10752K, used 10752K [0x00000000d5580000, 0x00000000d6980000, 0x0000000100000000)
  eden space 8192K, 100% used [0x00000000d5580000,0x00000000d5d80000,0x00000000d5d80000)
  from space 2560K, 100% used [0x00000000d5d80000,0x00000000d6000000,0x00000000d6000000)
  to   space 5120K, 0% used [0x00000000d6480000,0x00000000d6480000,0x00000000d6980000)
 ParOldGen       total 606720K, used 606683K [0x0000000080000000, 0x00000000a5080000, 0x00000000d5580000)
  object space 606720K, 99% used [0x0000000080000000,0x00000000a5076d40,0x00000000a5080000)
 Metaspace       used 83274K, committed 85056K, reserved 1179648K
  class space    used 8807K, committed 9600K, reserved 1048576K
}
Event: 1659.367 GC heap after
{Heap after GC invocations=1649 (full 4):
 PSYoungGen      total 12288K, used 1618K [0x00000000d5580000, 0x00000000d6680000, 0x0000000100000000)
  eden space 10240K, 0% used [0x00000000d5580000,0x00000000d5580000,0x00000000d5f80000)
  from space 2048K, 79% used [0x00000000d6480000,0x00000000d6614860,0x00000000d6680000)
  to   space 3072K, 0% used [0x00000000d6080000,0x00000000d6080000,0x00000000d6380000)
 ParOldGen       total 609280K, used 609027K [0x0000000080000000, 0x00000000a5300000, 0x00000000d5580000)
  object space 609280K, 99% used [0x0000000080000000,0x00000000a52c0d40,0x00000000a5300000)
 Metaspace       used 83274K, committed 85056K, reserved 1179648K
  class space    used 8807K, committed 9600K, reserved 1048576K
}
Event: 1659.392 GC heap before
{Heap before GC invocations=1650 (full 4):
 PSYoungGen      total 12288K, used 11858K [0x00000000d5580000, 0x00000000d6680000, 0x0000000100000000)
  eden space 10240K, 100% used [0x00000000d5580000,0x00000000d5f80000,0x00000000d5f80000)
  from space 2048K, 79% used [0x00000000d6480000,0x00000000d6614860,0x00000000d6680000)
  to   space 3072K, 0% used [0x00000000d6080000,0x00000000d6080000,0x00000000d6380000)
 ParOldGen       total 609280K, used 609027K [0x0000000080000000, 0x00000000a5300000, 0x00000000d5580000)
  object space 609280K, 99% used [0x0000000080000000,0x00000000a52c0d40,0x00000000a5300000)
 Metaspace       used 83274K, committed 85056K, reserved 1179648K
  class space    used 8807K, committed 9600K, reserved 1048576K
}
Event: 1659.399 GC heap after
{Heap after GC invocations=1650 (full 4):
 PSYoungGen      total 14336K, used 3072K [0x00000000d5580000, 0x00000000d6d80000, 0x0000000100000000)
  eden space 11264K, 0% used [0x00000000d5580000,0x00000000d5580000,0x00000000d6080000)
  from space 3072K, 100% used [0x00000000d6080000,0x00000000d6380000,0x00000000d6380000)
  to   space 6144K, 0% used [0x00000000d6780000,0x00000000d6780000,0x00000000d6d80000)
 ParOldGen       total 611840K, used 611397K [0x0000000080000000, 0x00000000a5580000, 0x00000000d5580000)
  object space 611840K, 99% used [0x0000000080000000,0x00000000a55115a0,0x00000000a5580000)
 Metaspace       used 83274K, committed 85056K, reserved 1179648K
  class space    used 8807K, committed 9600K, reserved 1048576K
}
Event: 1668.361 GC heap before
{Heap before GC invocations=1651 (full 4):
 PSYoungGen      total 14336K, used 14336K [0x00000000d5580000, 0x00000000d6d80000, 0x0000000100000000)
  eden space 11264K, 100% used [0x00000000d5580000,0x00000000d6080000,0x00000000d6080000)
  from space 3072K, 100% used [0x00000000d6080000,0x00000000d6380000,0x00000000d6380000)
  to   space 6144K, 0% used [0x00000000d6780000,0x00000000d6780000,0x00000000d6d80000)
 ParOldGen       total 611840K, used 611397K [0x0000000080000000, 0x00000000a5580000, 0x00000000d5580000)
  object space 611840K, 99% used [0x0000000080000000,0x00000000a55115a0,0x00000000a5580000)
 Metaspace       used 83323K, committed 85120K, reserved 1179648K
  class space    used 8808K, committed 9600K, reserved 1048576K
}
Event: 1668.368 GC heap after
{Heap after GC invocations=1651 (full 4):
 PSYoungGen      total 12800K, used 1150K [0x00000000d5580000, 0x00000000d6900000, 0x0000000100000000)
  eden space 11264K, 0% used [0x00000000d5580000,0x00000000d5580000,0x00000000d6080000)
  from space 1536K, 74% used [0x00000000d6780000,0x00000000d689fb10,0x00000000d6900000)
  to   space 3072K, 0% used [0x00000000d6300000,0x00000000d6300000,0x00000000d6600000)
 ParOldGen       total 613376K, used 613309K [0x0000000080000000, 0x00000000a5700000, 0x00000000d5580000)
  object space 613376K, 99% used [0x0000000080000000,0x00000000a56ef5a0,0x00000000a5700000)
 Metaspace       used 83323K, committed 85120K, reserved 1179648K
  class space    used 8808K, committed 9600K, reserved 1048576K
}
Event: 1690.674 GC heap before
{Heap before GC invocations=1652 (full 4):
 PSYoungGen      total 12800K, used 12414K [0x00000000d5580000, 0x00000000d6900000, 0x0000000100000000)
  eden space 11264K, 100% used [0x00000000d5580000,0x00000000d6080000,0x00000000d6080000)
  from space 1536K, 74% used [0x00000000d6780000,0x00000000d689fb10,0x00000000d6900000)
  to   space 3072K, 0% used [0x00000000d6300000,0x00000000d6300000,0x00000000d6600000)
 ParOldGen       total 613376K, used 613309K [0x0000000080000000, 0x00000000a5700000, 0x00000000d5580000)
  object space 613376K, 99% used [0x0000000080000000,0x00000000a56ef5a0,0x00000000a5700000)
 Metaspace       used 83346K, committed 85120K, reserved 1179648K
  class space    used 8808K, committed 9600K, reserved 1048576K
}
Event: 1690.678 GC heap after
{Heap after GC invocations=1652 (full 4):
 PSYoungGen      total 14336K, used 1097K [0x00000000d5580000, 0x00000000d6800000, 0x0000000100000000)
  eden space 11264K, 0% used [0x00000000d5580000,0x00000000d5580000,0x00000000d6080000)
  from space 3072K, 35% used [0x00000000d6300000,0x00000000d6412400,0x00000000d6600000)
  to   space 1536K, 0% used [0x00000000d6680000,0x00000000d6680000,0x00000000d6800000)
 ParOldGen       total 614400K, used 613937K [0x0000000080000000, 0x00000000a5800000, 0x00000000d5580000)
  object space 614400K, 99% used [0x0000000080000000,0x00000000a578c7b0,0x00000000a5800000)
 Metaspace       used 83346K, committed 85120K, reserved 1179648K
  class space    used 8808K, committed 9600K, reserved 1048576K
}

